<?xml version="1.0" encoding="UTF-8"?>
<!-- Generated by org.testng.reporters.JUnitXMLReporter -->
<testsuite ignored="2" hostname="MyPC" failures="1" tests="3" name="Test" time="12.743" errors="0" timestamp="2025-05-08T17:36:46 IST">
  <testcase classname="inventoryTests.AddProductToCartTestWithBaseClass" name="sampleTest" time="0.011">
    <failure type="java.lang.AssertionError" message="null">
      <![CDATA[java.lang.AssertionError: null
at inventoryTests.AddProductToCartTestWithBaseClass.sampleTest(AddProductToCartTestWithBaseClass.java:67)
at java.base/java.util.ArrayList.forEach(ArrayList.java:1597)
... Removed 27 stack frames]]>
    </failure>
  </testcase> <!-- sampleTest -->
  <testcase classname="inventoryTests.AddProductToCartTestWithBaseClass" name="tc_01_AddProductToCartTest" time="0.761"/>
  <testcase classname="inventoryTests.AddLowestPriceProductTestWithBaseClass" name="tc_02_AddLowestPriceProductTest" time="0.36"/>
  <testcase classname="genericUtilities.BaseClass" name="@AfterSuite asConfig1" time="0.0">
    <ignored/>
  </testcase> <!-- @AfterSuite asConfig1 -->
  <testcase classname="genericUtilities.BaseClass" name="@BeforeSuite bsConfig1" time="0.0">
    <ignored/>
  </testcase> <!-- @BeforeSuite bsConfig1 -->
</testsuite> <!-- Test -->
